<?xml version="1.0" encoding="UTF-8"?>
<!-- Generated by org.testng.reporters.JUnitXMLReporter -->
<testsuite ignored="0" hostname="LAPTOP-URC0MPI4" failures="0" tests="8" name="Test" time="8.814" errors="0" timestamp="2023-10-07T17:29:05 IST">
  <testcase classname="com.testcases.TestCases" name="mainTest" time="4.224"/>
  <testcase classname="com.testcases.TestCases" name="mainTest" time="1.227"/>
  <testcase classname="com.testcases.TestCases" name="mainTest" time="0.682"/>
  <testcase classname="com.testcases.TestCases2" name="createLocation" time="0.151"/>
  <testcase classname="com.testcases.TestCases2" name="createCharacter" time="0.145"/>
  <testcase classname="com.testcases.TestCases2" name="createEpisode" time="0.141"/>
  <testcase classname="com.testcases.TestCases2" name="getGraphQLData" time="0.152"/>
  <testcase classname="com.testcases.TestCases2" name="deleteData" time="0.925"/>
</testsuite> <!-- Test -->
