<?xml version="1.0" encoding="UTF-8"?>
<testng-results ignored="0" total="8" passed="8" failed="0" skipped="0">
  <reporter-output>
  </reporter-output>
  <suite started-at="2023-10-07T17:28:56 IST" name="Suite" finished-at="2023-10-07T17:29:05 IST" duration-ms="8814">
    <groups>
    </groups>
    <test started-at="2023-10-07T17:28:56 IST" name="Test" finished-at="2023-10-07T17:29:05 IST" duration-ms="8814">
      <class name="com.testcases.TestCases">
        <test-method signature="mainTest(java.lang.String,java.lang.String)[pri:0, instance:com.testcases.TestCases@5158b42f]" started-at="2023-10-07T17:28:57 IST" name="mainTest" data-provider="ExcelFile" finished-at="2023-10-07T17:29:01 IST" duration-ms="4224" status="PASS">
          <params>
            <param index="0">
              <value>
                <![CDATA[Clay]]>
              </value>
            </param>
            <param index="1">
              <value>
                <![CDATA[13 Reasons why]]>
              </value>
            </param>
          </params>
          <reporter-output>
          </reporter-output>
        </test-method> <!-- mainTest -->
        <test-method signature="mainTest(java.lang.String,java.lang.String)[pri:0, instance:com.testcases.TestCases@5158b42f]" started-at="2023-10-07T17:29:01 IST" name="mainTest" data-provider="ExcelFile" finished-at="2023-10-07T17:29:02 IST" duration-ms="1227" status="PASS">
          <params>
            <param index="0">
              <value>
                <![CDATA[Munna]]>
              </value>
            </param>
            <param index="1">
              <value>
                <![CDATA[Mirzapur]]>
              </value>
            </param>
          </params>
          <reporter-output>
          </reporter-output>
        </test-method> <!-- mainTest -->
        <test-method signature="mainTest(java.lang.String,java.lang.String)[pri:0, instance:com.testcases.TestCases@5158b42f]" started-at="2023-10-07T17:29:02 IST" name="mainTest" data-provider="ExcelFile" finished-at="2023-10-07T17:29:03 IST" duration-ms="682" status="PASS">
          <params>
            <param index="0">
              <value>
                <![CDATA[Sherlock]]>
              </value>
            </param>
            <param index="1">
              <value>
                <![CDATA[Sherlock Homes]]>
              </value>
            </param>
          </params>
          <reporter-output>
          </reporter-output>
        </test-method> <!-- mainTest -->
      </class> <!-- com.testcases.TestCases -->
      <class name="com.testcases.TestCases2">
        <test-method signature="createLocation(java.lang.String,java.lang.String,java.lang.String)[pri:0, instance:com.testcases.TestCases2@36bc55de]" started-at="2023-10-07T17:29:03 IST" name="createLocation" data-provider="Location_data" finished-at="2023-10-07T17:29:03 IST" duration-ms="151" status="PASS">
          <params>
            <param index="0">
              <value>
                <![CDATA[india]]>
              </value>
            </param>
            <param index="1">
              <value>
                <![CDATA[South-asia]]>
              </value>
            </param>
            <param index="2">
              <value>
                <![CDATA[143]]>
              </value>
            </param>
          </params>
          <reporter-output>
          </reporter-output>
        </test-method> <!-- createLocation -->
        <test-method signature="createCharacter(java.lang.String,java.lang.String,java.lang.String,java.lang.String,java.lang.String,java.lang.String)[pri:0, instance:com.testcases.TestCases2@36bc55de]" started-at="2023-10-07T17:29:03 IST" name="createCharacter" data-provider="Character_data" finished-at="2023-10-07T17:29:04 IST" depends-on-methods="com.testcases.TestCases2.createLocation" duration-ms="145" status="PASS">
          <params>
            <param index="0">
              <value>
                <![CDATA[Venkatesh ]]>
              </value>
            </param>
            <param index="1">
              <value>
                <![CDATA[Royal]]>
              </value>
            </param>
            <param index="2">
              <value>
                <![CDATA[Alive]]>
              </value>
            </param>
            <param index="3">
              <value>
                <![CDATA[Human]]>
              </value>
            </param>
            <param index="4">
              <value>
                <![CDATA[Male]]>
              </value>
            </param>
            <param index="5">
              <value>
                <![CDATA[png]]>
              </value>
            </param>
          </params>
          <reporter-output>
          </reporter-output>
        </test-method> <!-- createCharacter -->
        <test-method signature="createEpisode(java.lang.String,java.lang.String,java.lang.String)[pri:0, instance:com.testcases.TestCases2@36bc55de]" started-at="2023-10-07T17:29:04 IST" name="createEpisode" data-provider="Episode_data" finished-at="2023-10-07T17:29:04 IST" depends-on-methods="com.testcases.TestCases2.createCharacter" duration-ms="141" status="PASS">
          <params>
            <param index="0">
              <value>
                <![CDATA[Rana Naidu]]>
              </value>
            </param>
            <param index="1">
              <value>
                <![CDATA[Mar-10-2023]]>
              </value>
            </param>
            <param index="2">
              <value>
                <![CDATA[1]]>
              </value>
            </param>
          </params>
          <reporter-output>
          </reporter-output>
        </test-method> <!-- createEpisode -->
        <test-method signature="getGraphQLData()[pri:0, instance:com.testcases.TestCases2@36bc55de]" started-at="2023-10-07T17:29:04 IST" name="getGraphQLData" finished-at="2023-10-07T17:29:04 IST" depends-on-methods="com.testcases.TestCases2.createEpisode" duration-ms="152" status="PASS">
          <reporter-output>
          </reporter-output>
        </test-method> <!-- getGraphQLData -->
        <test-method signature="deleteData()[pri:0, instance:com.testcases.TestCases2@36bc55de]" started-at="2023-10-07T17:29:04 IST" name="deleteData" finished-at="2023-10-07T17:29:05 IST" depends-on-methods="com.testcases.TestCases2.getGraphQLData" duration-ms="925" status="PASS">
          <reporter-output>
          </reporter-output>
        </test-method> <!-- deleteData -->
      </class> <!-- com.testcases.TestCases2 -->
    </test> <!-- Test -->
  </suite> <!-- Suite -->
</testng-results>
